PIO_ENV="d1_mini" PORT="" BAUD="115200" FLASH_BAUD="921600" FLASH_SIZE="0x400000" OUT_DIR="artifacts" scripts/device.sh build
[device.sh] Compiling (d1_mini)
Processing d1_mini (platform: espressif8266; board: d1_mini; framework: arduino)
--------------------------------------------------------------------------------
Verbose mode can be enabled via `-v, --verbose` option
CONFIGURATION: https://docs.platformio.org/page/boards/espressif8266/d1_mini.html
PLATFORM: Espressif 8266 (4.2.1) > WeMos D1 R2 and mini
HARDWARE: ESP8266 80MHz, 80KB RAM, 4MB Flash
PACKAGES: 
 - framework-arduinoespressif8266 @ 3.30102.0 (3.1.2) 
 - tool-esptool @ 1.413.0 (4.13) 
 - tool-esptoolpy @ 1.30000.201119 (3.0.0) 
 - toolchain-xtensa @ 2.100300.220621 (10.3.0)
LDF: Library Dependency Finder -> https://bit.ly/configure-pio-ldf
LDF Modes: Finder ~ chain, Compatibility ~ soft
Found 38 compatible libraries
Scanning dependencies...
Dependency Graph
|-- FastLED @ 3.10.3
|-- ArduinoOTA @ 1.0
|-- ESP8266WebServer @ 1.0
|-- ESP8266WiFi @ 1.0
Building in release mode
Compiling .pio/build/d1_mini/src/main.cpp.o
Compiling .pio/build/d1_mini/src/patterns/pattern_120_scrolling_text.cpp.o
Compiling .pio/build/d1_mini/src/patterns/pattern_121_test_card.cpp.o
Compiling .pio/build/d1_mini/src/patterns/pattern_123_fireflies.cpp.o
Compiling .pio/build/d1_mini/src/patterns/pattern_125_clock.cpp.o
Compiling .pio/build/d1_mini/src/patterns/pattern_32x32_extras.cpp.o
Compiling .pio/build/d1_mini/src/patterns/pattern_32x32_wow.cpp.o
Compiling .pio/build/d1_mini/src/patterns/pattern_8x32_extras.cpp.o
Compiling .pio/build/d1_mini/src/patterns/pattern_enumerate.cpp.o
Compiling .pio/build/d1_mini/src/patterns/pattern_extras.cpp.o
Compiling .pio/build/d1_mini/src/patterns/pattern_gravity.cpp.o
Generating LD script .pio/build/d1_mini/ld/local.eagle.app.v6.common.ld
Compiling .pio/build/d1_mini/libd2c/SoftwareSerial/SoftwareSerial.cpp.o
In file included from .pio/libdeps/d1_mini/FastLED/src/FastLED.h:100,
                 from src/platform.h:63,
                 from src/patterns.h:4,
                 from src/main.cpp:1:
.pio/libdeps/d1_mini/FastLED/src/fastspi.h:173:23: note: '#pragma message: WARNING: The SPI pins you chose have not been marked as hardware accelerated within the code base. All SPI access will default to bitbanged output. Consult the data sheet for hardware spi pins designed for efficient SPI transfer, typically via DMA / MOSI / SCK / SS pin'
  173 | #      pragma message "WARNING: The SPI pins you chose have not been marked as hardware accelerated within the code base. All SPI access will default to bitbanged output. Consult the data sheet for hardware spi pins designed for efficient SPI transfer, typically via DMA / MOSI / SCK / SS pin"
      |                       ^~~~~~~~~~~~~~~~~~~~~~~~~~~~~~~~~~~~~~~~~~~~~~~~~~~~~~~~~~~~~~~~~~~~~~~~~~~~~~~~~~~~~~~~~~~~~~~~~~~~~~~~~~~~~~~~~~~~~~~~~~~~~~~~~~~~~~~~~~~~~~~~~~~~~~~~~~~~~~~~~~~~~~~~~~~~~~~~~~~~~~~~~~~~~~~~~~~~~~~~~~~~~~~~~~~~~~~~~~~~~~~~~~~~~~~~~~~~~~~~~~~~~~~~~~~~~~~~~~~~~~~~~~~~~~~
In file included from .pio/libdeps/d1_mini/FastLED/src/FastLED.h:100,
                 from src/patterns/../platform.h:63,
                 from src/patterns/../patterns.h:4,
                 from src/patterns/pattern_123_fireflies.cpp:1:
.pio/libdeps/d1_mini/FastLED/src/fastspi.h:173:23: note: '#pragma message: WARNING: The SPI pins you chose have not been marked as hardware accelerated within the code base. All SPI access will default to bitbanged output. Consult the data sheet for hardware spi pins designed for efficient SPI transfer, typically via DMA / MOSI / SCK / SS pin'
  173 | #      pragma message "WARNING: The SPI pins you chose have not been marked as hardware accelerated within the code base. All SPI access will default to bitbanged output. Consult the data sheet for hardware spi pins designed for efficient SPI transfer, typically via DMA / MOSI / SCK / SS pin"
      |                       ^~~~~~~~~~~~~~~~~~~~~~~~~~~~~~~~~~~~~~~~~~~~~~~~~~~~~~~~~~~~~~~~~~~~~~~~~~~~~~~~~~~~~~~~~~~~~~~~~~~~~~~~~~~~~~~~~~~~~~~~~~~~~~~~~~~~~~~~~~~~~~~~~~~~~~~~~~~~~~~~~~~~~~~~~~~~~~~~~~~~~~~~~~~~~~~~~~~~~~~~~~~~~~~~~~~~~~~~~~~~~~~~~~~~~~~~~~~~~~~~~~~~~~~~~~~~~~~~~~~~~~~~~~~~~~~
In file included from .pio/libdeps/d1_mini/FastLED/src/FastLED.h:100,
                 from src/patterns/../platform.h:63,
                 from src/patterns/../patterns.h:4,
                 from src/patterns/pattern_8x32_extras.cpp:1:
.pio/libdeps/d1_mini/FastLED/src/fastspi.h:173:23: note: '#pragma message: WARNING: The SPI pins you chose have not been marked as hardware accelerated within the code base. All SPI access will default to bitbanged output. Consult the data sheet for hardware spi pins designed for efficient SPI transfer, typically via DMA / MOSI / SCK / SS pin'
  173 | #      pragma message "WARNING: The SPI pins you chose have not been marked as hardware accelerated within the code base. All SPI access will default to bitbanged output. Consult the data sheet for hardware spi pins designed for efficient SPI transfer, typically via DMA / MOSI / SCK / SS pin"
      |                       ^~~~~~~~~~~~~~~~~~~~~~~~~~~~~~~~~~~~~~~~~~~~~~~~~~~~~~~~~~~~~~~~~~~~~~~~~~~~~~~~~~~~~~~~~~~~~~~~~~~~~~~~~~~~~~~~~~~~~~~~~~~~~~~~~~~~~~~~~~~~~~~~~~~~~~~~~~~~~~~~~~~~~~~~~~~~~~~~~~~~~~~~~~~~~~~~~~~~~~~~~~~~~~~~~~~~~~~~~~~~~~~~~~~~~~~~~~~~~~~~~~~~~~~~~~~~~~~~~~~~~~~~~~~~~~~
In file included from .pio/libdeps/d1_mini/FastLED/src/FastLED.h:100,
                 from src/patterns/../platform.h:63,
                 from src/patterns/../patterns.h:4,
                 from src/patterns/pattern_32x32_wow.cpp:1:
.pio/libdeps/d1_mini/FastLED/src/fastspi.h:173:23: note: '#pragma message: WARNING: The SPI pins you chose have not been marked as hardware accelerated within the code base. All SPI access will default to bitbanged output. Consult the data sheet for hardware spi pins designed for efficient SPI transfer, typically via DMA / MOSI / SCK / SS pin'
  173 | #      pragma message "WARNING: The SPI pins you chose have not been marked as hardware accelerated within the code base. All SPI access will default to bitbanged output. Consult the data sheet for hardware spi pins designed for efficient SPI transfer, typically via DMA / MOSI / SCK / SS pin"
      |                       ^~~~~~~~~~~~~~~~~~~~~~~~~~~~~~~~~~~~~~~~~~~~~~~~~~~~~~~~~~~~~~~~~~~~~~~~~~~~~~~~~~~~~~~~~~~~~~~~~~~~~~~~~~~~~~~~~~~~~~~~~~~~~~~~~~~~~~~~~~~~~~~~~~~~~~~~~~~~~~~~~~~~~~~~~~~~~~~~~~~~~~~~~~~~~~~~~~~~~~~~~~~~~~~~~~~~~~~~~~~~~~~~~~~~~~~~~~~~~~~~~~~~~~~~~~~~~~~~~~~~~~~~~~~~~~~
In file included from .pio/libdeps/d1_mini/FastLED/src/FastLED.h:100,
                 from src/patterns/../platform.h:63,
                 from src/patterns/../patterns.h:4,
                 from src/patterns/pattern_32x32_extras.cpp:1:
.pio/libdeps/d1_mini/FastLED/src/fastspi.h:173:23: note: '#pragma message: WARNING: The SPI pins you chose have not been marked as hardware accelerated within the code base. All SPI access will default to bitbanged output. Consult the data sheet for hardware spi pins designed for efficient SPI transfer, typically via DMA / MOSI / SCK / SS pin'
  173 | #      pragma message "WARNING: The SPI pins you chose have not been marked as hardware accelerated within the code base. All SPI access will default to bitbanged output. Consult the data sheet for hardware spi pins designed for efficient SPI transfer, typically via DMA / MOSI / SCK / SS pin"
      |                       ^~~~~~~~~~~~~~~~~~~~~~~~~~~~~~~~~~~~~~~~~~~~~~~~~~~~~~~~~~~~~~~~~~~~~~~~~~~~~~~~~~~~~~~~~~~~~~~~~~~~~~~~~~~~~~~~~~~~~~~~~~~~~~~~~~~~~~~~~~~~~~~~~~~~~~~~~~~~~~~~~~~~~~~~~~~~~~~~~~~~~~~~~~~~~~~~~~~~~~~~~~~~~~~~~~~~~~~~~~~~~~~~~~~~~~~~~~~~~~~~~~~~~~~~~~~~~~~~~~~~~~~~~~~~~~~
In file included from .pio/libdeps/d1_mini/FastLED/src/FastLED.h:100,
                 from src/patterns/../platform.h:63,
                 from src/patterns/../patterns.h:4,
                 from src/patterns/pattern_enumerate.cpp:1:
.pio/libdeps/d1_mini/FastLED/src/fastspi.h:173:23: note: '#pragma message: WARNING: The SPI pins you chose have not been marked as hardware accelerated within the code base. All SPI access will default to bitbanged output. Consult the data sheet for hardware spi pins designed for efficient SPI transfer, typically via DMA / MOSI / SCK / SS pin'
  173 | #      pragma message "WARNING: The SPI pins you chose have not been marked as hardware accelerated within the code base. All SPI access will default to bitbanged output. Consult the data sheet for hardware spi pins designed for efficient SPI transfer, typically via DMA / MOSI / SCK / SS pin"
      |                       ^~~~~~~~~~~~~~~~~~~~~~~~~~~~~~~~~~~~~~~~~~~~~~~~~~~~~~~~~~~~~~~~~~~~~~~~~~~~~~~~~~~~~~~~~~~~~~~~~~~~~~~~~~~~~~~~~~~~~~~~~~~~~~~~~~~~~~~~~~~~~~~~~~~~~~~~~~~~~~~~~~~~~~~~~~~~~~~~~~~~~~~~~~~~~~~~~~~~~~~~~~~~~~~~~~~~~~~~~~~~~~~~~~~~~~~~~~~~~~~~~~~~~~~~~~~~~~~~~~~~~~~~~~~~~~~
In file included from .pio/libdeps/d1_mini/FastLED/src/FastLED.h:100,
                 from src/patterns/../platform.h:63,
                 from src/patterns/../patterns.h:4,
                 from src/patterns/pattern_120_scrolling_text.cpp:2:
.pio/libdeps/d1_mini/FastLED/src/fastspi.h:173:23: note: '#pragma message: WARNING: The SPI pins you chose have not been marked as hardware accelerated within the code base. All SPI access will default to bitbanged output. Consult the data sheet for hardware spi pins designed for efficient SPI transfer, typically via DMA / MOSI / SCK / SS pin'
  173 | #      pragma message "WARNING: The SPI pins you chose have not been marked as hardware accelerated within the code base. All SPI access will default to bitbanged output. Consult the data sheet for hardware spi pins designed for efficient SPI transfer, typically via DMA / MOSI / SCK / SS pin"
      |                       ^~~~~~~~~~~~~~~~~~~~~~~~~~~~~~~~~~~~~~~~~~~~~~~~~~~~~~~~~~~~~~~~~~~~~~~~~~~~~~~~~~~~~~~~~~~~~~~~~~~~~~~~~~~~~~~~~~~~~~~~~~~~~~~~~~~~~~~~~~~~~~~~~~~~~~~~~~~~~~~~~~~~~~~~~~~~~~~~~~~~~~~~~~~~~~~~~~~~~~~~~~~~~~~~~~~~~~~~~~~~~~~~~~~~~~~~~~~~~~~~~~~~~~~~~~~~~~~~~~~~~~~~~~~~~~~
In file included from .pio/libdeps/d1_mini/FastLED/src/FastLED.h:100,
                 from src/patterns/../platform.h:63,
                 from src/patterns/../patterns.h:4,
                 from src/patterns/pattern_extras.cpp:1:
.pio/libdeps/d1_mini/FastLED/src/fastspi.h:173:23: note: '#pragma message: WARNING: The SPI pins you chose have not been marked as hardware accelerated within the code base. All SPI access will default to bitbanged output. Consult the data sheet for hardware spi pins designed for efficient SPI transfer, typically via DMA / MOSI / SCK / SS pin'
  173 | #      pragma message "WARNING: The SPI pins you chose have not been marked as hardware accelerated within the code base. All SPI access will default to bitbanged output. Consult the data sheet for hardware spi pins designed for efficient SPI transfer, typically via DMA / MOSI / SCK / SS pin"
      |                       ^~~~~~~~~~~~~~~~~~~~~~~~~~~~~~~~~~~~~~~~~~~~~~~~~~~~~~~~~~~~~~~~~~~~~~~~~~~~~~~~~~~~~~~~~~~~~~~~~~~~~~~~~~~~~~~~~~~~~~~~~~~~~~~~~~~~~~~~~~~~~~~~~~~~~~~~~~~~~~~~~~~~~~~~~~~~~~~~~~~~~~~~~~~~~~~~~~~~~~~~~~~~~~~~~~~~~~~~~~~~~~~~~~~~~~~~~~~~~~~~~~~~~~~~~~~~~~~~~~~~~~~~~~~~~~~
src/main.cpp: In function 'void handleGetPatterns()':
src/main.cpp:603:23: error: 'numPatterns' was not declared in this scope; did you mean 'numPanels'?
  603 |   for (int i = 0; i < numPatterns; i++) {
      |                       ^~~~~~~~~~~
      |                       numPanels
src/main.cpp:608:13: error: 'patterns' was not declared in this scope
  608 |     item += patterns[i].id;
      |             ^~~~~~~~
src/main.cpp: In function 'void renderPatternFrame(int, CRGB*, int, uint8_t&, String&, int&, int)':
src/main.cpp:888:30: warning: comparison of integer expressions of different signedness: 'long unsigned int' and 'long int' [-Wsign-compare]
  888 |     if (millis() - lastFlash > random(100, 1000)) {
      |         ~~~~~~~~~~~~~~~~~~~~~^~~~~~~~~~~~~~~~~~~
src/main.cpp:993:48: warning: narrowing conversion of '(activeLeds / 3)' from 'int' to 'float' [-Wnarrowing]
  993 |     static float positions[3] = {0, activeLeds / 3, activeLeds * 2 / 3};
      |                                     ~~~~~~~~~~~^~~
src/main.cpp:993:68: warning: narrowing conversion of '((activeLeds * 2) / 3)' from 'int' to 'float' [-Wnarrowing]
  993 |     static float positions[3] = {0, activeLeds / 3, activeLeds * 2 / 3};
      |                                                     ~~~~~~~~~~~~~~~^~~
src/main.cpp:1179:30: warning: comparison of integer expressions of different signedness: 'long unsigned int' and 'int' [-Wsign-compare]
 1179 |     if (millis() - lastBlink > dotTime * pattern[patternIdx]) {
      |         ~~~~~~~~~~~~~~~~~~~~~^~~~~~~~~~~~~~~~~~~~~~~~~~~~~~~
In file included from .pio/libdeps/d1_mini/FastLED/src/FastLED.h:100,
                 from src/patterns/../platform.h:63,
                 from src/patterns/../patterns.h:4,
                 from src/patterns/pattern_121_test_card.cpp:2:
.pio/libdeps/d1_mini/FastLED/src/fastspi.h:173:23: note: '#pragma message: WARNING: The SPI pins you chose have not been marked as hardware accelerated within the code base. All SPI access will default to bitbanged output. Consult the data sheet for hardware spi pins designed for efficient SPI transfer, typically via DMA / MOSI / SCK / SS pin'
  173 | #      pragma message "WARNING: The SPI pins you chose have not been marked as hardware accelerated within the code base. All SPI access will default to bitbanged output. Consult the data sheet for hardware spi pins designed for efficient SPI transfer, typically via DMA / MOSI / SCK / SS pin"
      |                       ^~~~~~~~~~~~~~~~~~~~~~~~~~~~~~~~~~~~~~~~~~~~~~~~~~~~~~~~~~~~~~~~~~~~~~~~~~~~~~~~~~~~~~~~~~~~~~~~~~~~~~~~~~~~~~~~~~~~~~~~~~~~~~~~~~~~~~~~~~~~~~~~~~~~~~~~~~~~~~~~~~~~~~~~~~~~~~~~~~~~~~~~~~~~~~~~~~~~~~~~~~~~~~~~~~~~~~~~~~~~~~~~~~~~~~~~~~~~~~~~~~~~~~~~~~~~~~~~~~~~~~~~~~~~~~~
src/patterns/pattern_extras.cpp: In function 'void pattern_fireworks(CRGB*, int, uint8_t&)':
src/patterns/pattern_extras.cpp:381:11: warning: unused variable 'x' [-Wunused-variable]
  381 |       int x = centerX + (cos8(i * 32) * radius) / 255;
      |           ^
src/patterns/pattern_extras.cpp:382:11: warning: unused variable 'y' [-Wunused-variable]
  382 |       int y = centerY + (sin8(i * 32) * radius) / 255;
      |           ^
In file included from .pio/libdeps/d1_mini/FastLED/src/FastLED.h:100,
                 from src/patterns/../platform.h:63,
                 from src/patterns/../patterns.h:4,
                 from src/patterns/pattern_gravity.cpp:1:
.pio/libdeps/d1_mini/FastLED/src/fastspi.h:173:23: note: '#pragma message: WARNING: The SPI pins you chose have not been marked as hardware accelerated within the code base. All SPI access will default to bitbanged output. Consult the data sheet for hardware spi pins designed for efficient SPI transfer, typically via DMA / MOSI / SCK / SS pin'
  173 | #      pragma message "WARNING: The SPI pins you chose have not been marked as hardware accelerated within the code base. All SPI access will default to bitbanged output. Consult the data sheet for hardware spi pins designed for efficient SPI transfer, typically via DMA / MOSI / SCK / SS pin"
      |                       ^~~~~~~~~~~~~~~~~~~~~~~~~~~~~~~~~~~~~~~~~~~~~~~~~~~~~~~~~~~~~~~~~~~~~~~~~~~~~~~~~~~~~~~~~~~~~~~~~~~~~~~~~~~~~~~~~~~~~~~~~~~~~~~~~~~~~~~~~~~~~~~~~~~~~~~~~~~~~~~~~~~~~~~~~~~~~~~~~~~~~~~~~~~~~~~~~~~~~~~~~~~~~~~~~~~~~~~~~~~~~~~~~~~~~~~~~~~~~~~~~~~~~~~~~~~~~~~~~~~~~~~~~~~~~~~
Compiling .pio/build/d1_mini/lib3cc/SPI/SPI.cpp.o
src/patterns/pattern_enumerate.cpp: In function 'void pattern_enumerate(CRGB*, int, uint8_t&)':
src/patterns/pattern_enumerate.cpp:22:22: warning: '%d' directive writing between 1 and 10 bytes into a region of size 4 [-Wformat-overflow=]
   22 |     sprintf(numStr, "%d", i);
      |                      ^~
src/patterns/pattern_enumerate.cpp:22:21: note: directive argument in the range [0, 2147483647]
   22 |     sprintf(numStr, "%d", i);
      |                     ^~~~
src/patterns/pattern_enumerate.cpp:22:12: note: 'sprintf' output between 2 and 11 bytes into a destination of size 4
   22 |     sprintf(numStr, "%d", i);
      |     ~~~~~~~^~~~~~~~~~~~~~~~~
In file included from .pio/libdeps/d1_mini/FastLED/src/FastLED.h:100,
                 from src/patterns/../platform.h:63,
                 from src/patterns/../patterns.h:4,
                 from src/patterns/pattern_125_clock.cpp:1:
.pio/libdeps/d1_mini/FastLED/src/fastspi.h:173:23: note: '#pragma message: WARNING: The SPI pins you chose have not been marked as hardware accelerated within the code base. All SPI access will default to bitbanged output. Consult the data sheet for hardware spi pins designed for efficient SPI transfer, typically via DMA / MOSI / SCK / SS pin'
  173 | #      pragma message "WARNING: The SPI pins you chose have not been marked as hardware accelerated within the code base. All SPI access will default to bitbanged output. Consult the data sheet for hardware spi pins designed for efficient SPI transfer, typically via DMA / MOSI / SCK / SS pin"
      |                       ^~~~~~~~~~~~~~~~~~~~~~~~~~~~~~~~~~~~~~~~~~~~~~~~~~~~~~~~~~~~~~~~~~~~~~~~~~~~~~~~~~~~~~~~~~~~~~~~~~~~~~~~~~~~~~~~~~~~~~~~~~~~~~~~~~~~~~~~~~~~~~~~~~~~~~~~~~~~~~~~~~~~~~~~~~~~~~~~~~~~~~~~~~~~~~~~~~~~~~~~~~~~~~~~~~~~~~~~~~~~~~~~~~~~~~~~~~~~~~~~~~~~~~~~~~~~~~~~~~~~~~~~~~~~~~~
Compiling .pio/build/d1_mini/lib302/I2S/I2S.cpp.o
Compiling .pio/build/d1_mini/libb06/ESP8266SdFat/ExFatLib/ExFatDbg.cpp.o
Compiling .pio/build/d1_mini/libb06/ESP8266SdFat/ExFatLib/ExFatFile.cpp.o
Compiling .pio/build/d1_mini/libb06/ESP8266SdFat/ExFatLib/ExFatFilePrint.cpp.o
src/patterns/pattern_125_clock.cpp: In function 'void pattern_clock(CRGB*, int, uint8_t&, int&, int)':
src/patterns/pattern_125_clock.cpp:14:8: warning: unused variable 'timeStr' [-Wunused-variable]
   14 |   char timeStr[16];
      |        ^~~~~~~
src/patterns/pattern_125_clock.cpp:25:24: warning: unused variable 'font3x7' [-Wunused-variable]
   25 |   static const uint8_t font3x7[][3] = {
      |                        ^~~~~~~
src/patterns/pattern_125_clock.cpp:40:8: warning: variable 'getTinyFontIdx' set but not used [-Wunused-but-set-variable]
   40 |   auto getTinyFontIdx = [](char c) -> int {
      |        ^~~~~~~~~~~~~~
Compiling .pio/build/d1_mini/libb06/ESP8266SdFat/ExFatLib/ExFatFileWrite.cpp.o
*** [.pio/build/d1_mini/src/main.cpp.o] Error 1
========================== [FAILED] Took 1.68 seconds ==========================

Environment    Status    Duration
-------------  --------  ------------
d1_mini        FAILED    00:00:01.675
==================== 1 failed, 0 succeeded in 00:00:01.675 ====================
make: *** [Makefile:30: build] Error 1
